 

[2023-01-04 16:28:35] Main-Line-547-Exception:Incorrect padding
ConT:ssr://Y2RuMDEuMTIyODg4Lnh5ejoyNjAwMTphdXRoX2FlczEyOF9zaGExOmNoYWNoYTIwLWlldGY6cGxhaW46VGxwTVFVbGlOMkZ1UjFZelNuSnVZZy8_cmVtYXJrcz04Si1IcVBDZmg3TmY1cks1NTY2aDc3eWE1WVdvNTcyUjVweUE1Ynk2NTVtOTVhdVcmcHJvdG9wYXJhbT1NVFExTkRwQlRrNDBZbkZGZFc1bFpqTTFiVTlJJm9iZnNwYXJhbT1UVWRaTWxsNldYaE9SRlV3VEcweGNGa3pTblpqTWpsdFpFTTFhbUl5TUEmZ3JvdXA9YUhSMGNITTZMeTkyTW5KaGVYTmxMbU52YlE

[2023-01-04 19:09:07] Main-Line-547-Exception:Incorrect padding
ConT:ssr://Y2RuMDEuMTIyODg4Lnh5ejoyNjAwMTphdXRoX2FlczEyOF9zaGExOmNoYWNoYTIwLWlldGY6cGxhaW46VGxwTVFVbGlOMkZ1UjFZelNuSnVZZy8_cmVtYXJrcz04Si1IcVBDZmg3TmY1cks1NTY2aDc3eWE1WVdvNTcyUjVweUE1Ynk2NTVtOTVhdVcmcHJvdG9wYXJhbT1NVFExTkRwQlRrNDBZbkZGZFc1bFpqTTFiVTlJJm9iZnNwYXJhbT1UVWRaTWxsNldYaE9SRlV3VEcweGNGa3pTblpqTWpsdFpFTTFhbUl5TUEmZ3JvdXA9YUhSMGNITTZMeTkyTW5KaGVYTmxMbU52YlE

[2023-01-04 19:10:08] Main-Line-547-Exception:Incorrect padding
ConT:ssr://Y2RuMDEuMTIyODg4Lnh5ejoyNjAwMDphdXRoX2FlczEyOF9zaGExOmNoYWNoYTIwLWlldGY6cGxhaW46VGxwTVFVbGlOMkZ1UjFZelNuSnVZZy8_cmVtYXJrcz04Si1IcVBDZmg3TmY1cks1NTY2aDc3eWE1WVdvNTcyUjVweUE1Ynk2NTVtOTVhdVcmcHJvdG9wYXJhbT1NVFExTkRwQlRrNDBZbkZGZFc1bFpqTTFiVTlJJm9iZnNwYXJhbT1UVWRaTWxsNldYaE9SRlV3VEcweGNGa3pTblpqTWpsdFpFTTFhbUl5TUEmZ3JvdXA9YUhSMGNITTZMeTkyTW5KaGVYTmxMbU52YlE

[2023-01-04 19:17:59] Main-Line-547-Exception:'utf-8' codec can't decode byte 0xbe in position 189: invalid start byte
ConT:ssr://dXNzdGFuZDIuZXVjZHVybC5tZTo1NjE6YXV0aF9hZXMxMjhfbWQ1OmNoYWNoYTIwLWlldGY6cGxhaW46YldKc1lXNXJNWEJ2Y25RPS8/b2Jmc3BhcmFtPU1qTm1abVEzTVRFdWJXbGpjbTl6YjJaMExtTnZiUSZwcm90b3BhcmFtPU5ETTJPVGM2VTFaSlVGUkpXamcmcmVtYXJrcz01TGl0NVp1OVh6QXhNREV4TnpBMSZncm91cD1TbTk1vmess://eyJhZGQiOiAiMTYyLjE1OS4xNjAuMTAxIiwgImFpZCI6IDAsICJob3N0IjogImRlLmdvbmd5aXl1bi5jZiIsICJpZCI6ICJlM2RiYTkxZi1iMzFjLTQ3M2EtOGYxNy05MmUxZGVkZGEzOGYiLCAibmV0IjogIndzIiwgInBhdGgiOiAiLyIsICJwb3J0IjogODA4MCwgInBzIjogIlx1N2Y4ZVx1NTZmZCBDbG91ZEZsYXJlXHU4MjgyXHU3MGI5IiwgInRscyI6ICIiLCAidHlwZSI6ICJhdXRvIiwgInNlY3VyaXR5IjogImF1dG8iLCAic2tpcC1jZXJ0LXZlcmlmeSI6IHRydWUsICJzbmkiOiAiIn0=

[2023-01-04 20:20:14] Main-Line-149-Exception:'list' object has no attribute 'split'
ondenode:ssr://MTIwLjIzMi4xNzkuMTY2OjUxMDAxOm9yaWdpbjpjaGFjaGEyMC1pZXRmLXBvbHkxMzA1OnBsYWluOk5HRTNZakV5WmpJdE5qY3dOUzAwT1RVekxXRmlORE10WkRZeU1qZzNOVGhqWkdKbC8/b2Jmc3BhcmFtPSZwcm90b3BhcmFtPSZyZW1hcmtzPTVMaXQ1WnU5WHpBeE1EUTJNamcmZ3JvdXA9VTFOU1ZFOVBUQzVEVDAwZzVvNm82WUNC

[2023-01-04 20:20:14] Main-Line-149-Exception:'list' object has no attribute 'split'
ondenode:ssr://MTIwLjIzMi4xNzkuMTY2OjUxMDAxOm9yaWdpbjpjaGFjaGEyMC1pZXRmLXBvbHkxMzA1OnBsYWluOk5HRTNZakV5WmpJdE5qY3dOUzAwT1RVekxXRmlORE10WkRZeU1qZzNOVGhqWkdKbC8/b2Jmc3BhcmFtPSZwcm90b3BhcmFtPSZyZW1hcmtzPTVibS81TGljNTV5QjVibS81YmVlNWJpQ0xURXlNQzR5TXpJdU1UYzVMakUyTmc9PSZncm91cD1VMU5TVkU5UFRDNURUMDBnNW82bzZZQ0I=

[2023-01-04 22:26:45] Main-Line-547-Exception:Incorrect padding
ConT:ssr://Y2RuMDEuMTIyODg4Lnh5ejoyNjAwMTphdXRoX2FlczEyOF9zaGExOmNoYWNoYTIwLWlldGY6cGxhaW46VGxwTVFVbGlOMkZ1UjFZelNuSnVZZy8_cmVtYXJrcz04Si1IcVBDZmg3TmY1cks1NTY2aDc3eWE1WVdvNTcyUjVweUE1Ynk2NTVtOTVhdVcmcHJvdG9wYXJhbT1NVFExTkRwQlRrNDBZbkZGZFc1bFpqTTFiVTlJJm9iZnNwYXJhbT1UVWRaTWxsNldYaE9SRlV3VEcweGNGa3pTblpqTWpsdFpFTTFhbUl5TUEmZ3JvdXA9YUhSMGNITTZMeTkyTW5KaGVYTmxMbU52YlE

[2023-01-04 22:27:12] SubConvert-Line-116-Exception: 'utf-8' codec can't decode byte 0xbe in position 228: invalid start byte
onenode:vmess://eyJhZGQiOiIxMTMud2dvbmcxLnRvcCIsInBvcnQiOiI1MjIxMyIsImlkIjoiMTA1OWUzMzctMjhkNi0zZjBhLWIwY2MtMmY2OTc3ODc4NGQxIiwiYWlkIjoiMiIsInNjeSI6ImF1dG8iLCJuZXQiOiJ0Y3AiLCJ2IjoiMiIsInBzIjoi5Lit5Zu9XzEyMzAxNDUxIiwiaG9zdCI6IiIsInBhdGgiOiIiLCJ0bHMiOiIiLCJzbmkiOiIiLCJ0eXBlIjoiYXV0byIsInNlcnZlclBvcnQiOjAsIm5hdGlvbiI6IiJ9vmess://eyJwcyI6ICJcdWQ4M2NcdWRkZmFcdWQ4M2NcdWRkZjgtXHU3ZjhlXHU1NmZkLWp1emkxLjgyYS54eXoiLCAidHlwZSI6ICJub25lIiwgImFkZCI6ICJqdXppMS44MmEueHl6IiwgIm5ldCI6ICJ3cyIsICJwb3J0IjogIjQ0MyIsICJpZCI6ICI2NGMxNGYwZi1iZGM2LTQyZDQtYTBjYy1iYWU0MDI5YmQzOTAiLCAiYWlkIjogIjQiLCAic2N5IjogImF1dG8iLCAidGxzIjogInRydWUiLCAid3MtcGF0aCI6ICIvIn0=


[2023-01-04 23:13:22] SubConvert-Line-116-Exception: 'utf-8' codec can't decode byte 0xbe in position 228: invalid start byte
onenode:vmess://eyJhZGQiOiIxMTMud2dvbmcxLnRvcCIsInBvcnQiOiI1MjIxMyIsImlkIjoiMTA1OWUzMzctMjhkNi0zZjBhLWIwY2MtMmY2OTc3ODc4NGQxIiwiYWlkIjoiMiIsInNjeSI6ImF1dG8iLCJuZXQiOiJ0Y3AiLCJ2IjoiMiIsInBzIjoi5Lit5Zu9XzEyMzAxNDUxIiwiaG9zdCI6IiIsInBhdGgiOiIiLCJ0bHMiOiIiLCJzbmkiOiIiLCJ0eXBlIjoiYXV0byIsInNlcnZlclBvcnQiOjAsIm5hdGlvbiI6IiJ9vmess://eyJwcyI6ICJcdWQ4M2NcdWRkZmFcdWQ4M2NcdWRkZjgtXHU3ZjhlXHU1NmZkLWp1emkxLjgyYS54eXoiLCAidHlwZSI6ICJub25lIiwgImFkZCI6ICJqdXppMS44MmEueHl6IiwgIm5ldCI6ICJ3cyIsICJwb3J0IjogIjQ0MyIsICJpZCI6ICI2NGMxNGYwZi1iZGM2LTQyZDQtYTBjYy1iYWU0MDI5YmQzOTAiLCAiYWlkIjogIjQiLCAic2N5IjogImF1dG8iLCAidGxzIjogInRydWUiLCAid3MtcGF0aCI6ICIvIn0=


[2023-01-04 23:13:22] SubConvert-Line-116-Exception: 'utf-8' codec can't decode byte 0xbe in position 228: invalid start byte
onenode:vmess://eyJhZGQiOiIxMTMud2dvbmcxLnRvcCIsInBvcnQiOiI1MjIxMyIsImlkIjoiMTA1OWUzMzctMjhkNi0zZjBhLWIwY2MtMmY2OTc3ODc4NGQxIiwiYWlkIjoiMiIsInNjeSI6ImF1dG8iLCJuZXQiOiJ0Y3AiLCJ2IjoiMiIsInBzIjoi5Lit5Zu9XzEyMzAxNDUxIiwiaG9zdCI6IiIsInBhdGgiOiIiLCJ0bHMiOiIiLCJzbmkiOiIiLCJ0eXBlIjoiYXV0byIsInNlcnZlclBvcnQiOjAsIm5hdGlvbiI6IiJ9vmess://eyJwcyI6ICJcdWQ4M2NcdWRkZmFcdWQ4M2NcdWRkZjgtXHU3ZjhlXHU1NmZkLWp1emkxLjgyYS54eXoiLCAidHlwZSI6ICJub25lIiwgImFkZCI6ICJqdXppMS44MmEueHl6IiwgIm5ldCI6ICJ3cyIsICJwb3J0IjogIjQ0MyIsICJpZCI6ICI2NGMxNGYwZi1iZGM2LTQyZDQtYTBjYy1iYWU0MDI5YmQzOTAiLCAiYWlkIjogIjQiLCAic2N5IjogImF1dG8iLCAidGxzIjogInRydWUiLCAid3MtcGF0aCI6ICIvIn0=
