 

[2023-01-04 14:10:37] Main-Line-799-allcipher.find(cipher.upper())-j:ssr://MzcuNTkuMjMzLjEwNzo0NDM6b3JpZ2luOmR1bW15Omh0dHBfc2ltcGxlOmJXVm9jblp3Ymc9PS8/b2Jmc3BhcmFtPSZwcm90b3BhcmFtPSZyZW1hcmtzPTVyT1Y1WnU5WHpFeE1USXdNekEmZ3JvdXA9
cipher:dummy

[2023-01-04 14:28:24] Main-Line-799-allcipher.find(cipher.upper())-j:ssr://MzcuNTkuMjMzLjEwNzo0NDM6b3JpZ2luOmR1bW15Omh0dHBfc2ltcGxlOmJXVm9jblp3Ymc9PS8/b2Jmc3BhcmFtPSZwcm90b3BhcmFtPSZyZW1hcmtzPTVyT1Y1WnU5WHpFeE1USXdNekEmZ3JvdXA9
cipher:dummy

[2023-01-04 14:28:26] Main-Line-799-allcipher.find(cipher.upper())-j:ssr://MzcuNTkuMjMzLjEwNzo0NDM6b3JpZ2luOmR1bW15Omh0dHBfc2ltcGxlOmJXVm9jblp3Ymc9PS8/b2Jmc3BhcmFtPSZwcm90b3BhcmFtPSZyZW1hcmtzPTVyT1Y1WnU5WHpBeE1EUXlNREkmZ3JvdXA9VTFOU1VISnZkbWxrWlhJ
cipher:dummy

[2023-01-04 14:28:29] Main-Line-799-allcipher.find(cipher.upper())-j:{"type": "none", "ps": "\ud83c\uddfa\ud83c\uddf8-\u7f8e\u56fd-185.143.234.200", "ws-opts": "", "path": "/ray", "headers": "", "host": "122.zirogame.site", "add": "185.143.234.200", "port": "80", "id": "9803a2ca-eb5a-4a3a-99c0-5e08738b5605", "aid": "0", "scy": "chacha20-poly1305", "net": "ws", "tls": "false"}
cipher:chacha20-poly1305

[2023-01-04 15:21:58] Main-Line-799-allcipher.find(cipher.upper())-j:ssr://MzcuNTkuMjMzLjEwNzo0NDM6b3JpZ2luOmR1bW15Omh0dHBfc2ltcGxlOmJXVm9jblp3Ymc9PS8/b2Jmc3BhcmFtPSZwcm90b3BhcmFtPSZyZW1hcmtzPTVyT1Y1WnU5WHpFeE1USXdNekEmZ3JvdXA9
cipher:dummy

[2023-01-04 15:21:59] Main-Line-799-allcipher.find(cipher.upper())-j:ss://MjAyMi1ibGFrZTMtYWVzLTI1Ni1nY206WlRReFpEQm1aREkyWWpSak9ERTVPR001WldJell6VTROMkpsTUdRNFpEaz06TVRRM01UZGtaRFF0T0dWbVlpMDBaV1ZpTFRsbU9USXRaV1JpTVRVMlptVT1Ac2cuNTU1MTk5Lnh5ejo0NDM=
cipher:2022-blake3-aes-256-gcm

[2023-01-04 16:29:13] Main-Line-799-allcipher.find(cipher.upper())-j:ssr://MzcuNTkuMjMzLjEwNzo0NDM6b3JpZ2luOmR1bW15Omh0dHBfc2ltcGxlOmJXVm9jblp3Ymc9PS8/b2Jmc3BhcmFtPSZwcm90b3BhcmFtPSZyZW1hcmtzPTVyT1Y1WnU5WHpFeE1USXdNekEmZ3JvdXA9
cipher:dummy

[2023-01-04 16:29:14] Main-Line-799-allcipher.find(cipher.upper())-j:{"type": "none", "ps": "\ud83c\uddfa\ud83c\uddf8-\u7f8e\u56fd-185.143.234.200", "ws-opts": "", "path": "/ray", "headers": "", "host": "122.zirogame.site", "add": "185.143.234.200", "port": "80", "id": "9803a2ca-eb5a-4a3a-99c0-5e08738b5605", "aid": "0", "scy": "chacha20-poly1305", "net": "ws", "tls": "false"}
cipher:chacha20-poly1305

[2023-01-04 17:27:28] Main-Line-799-allcipher.find(cipher.upper())-j:ssr://MzcuNTkuMjMzLjEwNzo0NDM6b3JpZ2luOmR1bW15Omh0dHBfc2ltcGxlOmJXVm9jblp3Ymc9PS8/b2Jmc3BhcmFtPSZwcm90b3BhcmFtPSZyZW1hcmtzPTVyT1Y1WnU5WHpFeE1USXdNekEmZ3JvdXA9
cipher:dummy

[2023-01-04 17:27:36] Main-Line-799-allcipher.find(cipher.upper())-j:ssr://MzcuNTkuMjMzLjEwNzo0NDM6b3JpZ2luOmR1bW15Omh0dHBfc2ltcGxlOmJXVm9jblp3Ymc9PS8/b2Jmc3BhcmFtPSZwcm90b3BhcmFtPSZyZW1hcmtzPTVyT1Y1WnU5WHpBeE1EUXlNREkmZ3JvdXA9VTFOU1VISnZkbWxrWlhJ
cipher:dummy

[2023-01-04 19:19:54] Main-Line-799-allcipher.find(cipher.upper())-j:ssr://MzcuNTkuMjMzLjEwNzo0NDM6b3JpZ2luOmR1bW15Omh0dHBfc2ltcGxlOmJXVm9jblp3Ymc9PS8/b2Jmc3BhcmFtPSZwcm90b3BhcmFtPSZyZW1hcmtzPTVyT1Y1WnU5WHpFeE1USXdNekEmZ3JvdXA9
cipher:dummy

[2023-01-04 19:20:39] Main-Line-799-allcipher.find(cipher.upper())-j:{"type": "none", "ps": "\ud83c\uddfa\ud83c\uddf8-\u7f8e\u56fd-185.143.234.200", "ws-opts": "", "path": "/ray", "headers": "", "host": "122.zirogame.site", "add": "185.143.234.200", "port": "80", "id": "9803a2ca-eb5a-4a3a-99c0-5e08738b5605", "aid": "0", "scy": "chacha20-poly1305", "net": "ws", "tls": "false"}
cipher:chacha20-poly1305

[2023-01-04 19:20:49] Main-Line-799-allcipher.find(cipher.upper())-j:ss://MjAyMi1ibGFrZTMtYWVzLTI1Ni1nY206WlRReFpEQm1aREkyWWpSak9ERTVPR001WldJell6VTROMkpsTUdRNFpEaz06TVRRM01UZGtaRFF0T0dWbVlpMDBaV1ZpTFRsbU9USXRaV1JpTVRVMlptVT1Ac2cuNTU1MTk5Lnh5ejo0NDM=
cipher:2022-blake3-aes-256-gcm

[2023-01-04 20:30:55] Main-Line-799-allcipher.find(cipher.upper())-j:ssr://MzcuNTkuMjMzLjEwNzo0NDM6b3JpZ2luOmR1bW15Omh0dHBfc2ltcGxlOmJXVm9jblp3Ymc9PS8/b2Jmc3BhcmFtPSZwcm90b3BhcmFtPSZyZW1hcmtzPTVyT1Y1WnU5WHpFeE1USXdNekEmZ3JvdXA9
cipher:dummy

[2023-01-04 20:30:55] Main-Line-799-allcipher.find(cipher.upper())-j:{"type": "none", "ps": "\ud83c\uddfa\ud83c\uddf8-\u7f8e\u56fd-185.143.234.200", "ws-opts": "", "path": "/ray", "headers": "", "host": "122.zirogame.site", "add": "185.143.234.200", "port": "80", "id": "9803a2ca-eb5a-4a3a-99c0-5e08738b5605", "aid": "0", "scy": "chacha20-poly1305", "net": "ws", "tls": "false"}
cipher:chacha20-poly1305